<?xml version="1.0" encoding="UTF-8"?>
<!-- Generated by org.testng.reporters.JUnitReportReporter -->
<testsuite skipped="0" hostname="Dell123" name="PracticeScenario.Table" tests="1" failures="0" timestamp="2023-08-04T11:13:14 IST" time="40.121" errors="0">
  <testcase name="table" time="40.121" classname="PracticeScenario.Table"/>
  <system-out/>
</testsuite> <!-- PracticeScenario.Table -->
