<?xml version="1.0" encoding="UTF-8"?>
<!-- Generated by org.testng.reporters.JUnitReportReporter -->
<testsuite skipped="70" hostname="Dell123" name="PracticeScenario.TestDemo" tests="74" failures="0" timestamp="2023-05-09T14:43:26 IST" time="169.969" errors="0">
  <testcase name="validateTextByPagesourceMethod" time="18.030" classname="PracticeScenario.TestDemo"/>
  <system-out/>
  <testcase name="validateTextByPagesourceMethod" time="28.596" classname="PracticeScenario.TestDemo"/>
  <system-out/>
  <testcase name="validateTextBy" time="74.098" classname="PracticeScenario.TestDemo"/>
  <system-out/>
  <testcase name="validateTextBy" time="49.245" classname="PracticeScenario.TestDemo"/>
  <system-out/>
  <testcase name="fileyUploadingWithJavascriptExecutorByPawanSir" classname="PracticeScenario.TestDemo">
    <skipped/>
  </testcase> <!-- fileyUploadingWithJavascriptExecutorByPawanSir -->
  <system-out/>
  <testcase name="fileyUploadingWithJavascriptExecutorByPawanSir" classname="PracticeScenario.TestDemo">
    <skipped/>
  </testcase> <!-- fileyUploadingWithJavascriptExecutorByPawanSir -->
  <system-out/>
  <testcase name="multiKeyboardAction" classname="PracticeScenario.TestDemo">
    <skipped/>
  </testcase> <!-- multiKeyboardAction -->
  <system-out/>
  <testcase name="multiKeyboardAction" classname="PracticeScenario.TestDemo">
    <skipped/>
  </testcase> <!-- multiKeyboardAction -->
  <system-out/>
  <testcase name="rightclickByPawanSir" classname="PracticeScenario.TestDemo">
    <skipped/>
  </testcase> <!-- rightclickByPawanSir -->
  <system-out/>
  <testcase name="rightclickByPawanSir" classname="PracticeScenario.TestDemo">
    <skipped/>
  </testcase> <!-- rightclickByPawanSir -->
  <system-out/>
  <testcase name="fileUploadByWithSendkeysByPawanSir" classname="PracticeScenario.TestDemo">
    <skipped/>
  </testcase> <!-- fileUploadByWithSendkeysByPawanSir -->
  <system-out/>
  <testcase name="fileUploadByWithSendkeysByPawanSir" classname="PracticeScenario.TestDemo">
    <skipped/>
  </testcase> <!-- fileUploadByWithSendkeysByPawanSir -->
  <system-out/>
  <testcase name="fileUploadByWithRobotClassByPawanSir" classname="PracticeScenario.TestDemo">
    <skipped/>
  </testcase> <!-- fileUploadByWithRobotClassByPawanSir -->
  <system-out/>
  <testcase name="handlingAutoSuggetionPopupwithPOM" classname="PracticeScenario.TestDemo">
    <skipped/>
  </testcase> <!-- handlingAutoSuggetionPopupwithPOM -->
  <system-out/>
  <testcase name="fileUploadByWithRobotClassByPawanSir" classname="PracticeScenario.TestDemo">
    <skipped/>
  </testcase> <!-- fileUploadByWithRobotClassByPawanSir -->
  <system-out/>
  <testcase name="handlingAutoSuggetionPopupwithPOM" classname="PracticeScenario.TestDemo">
    <skipped/>
  </testcase> <!-- handlingAutoSuggetionPopupwithPOM -->
  <system-out/>
  <testcase name="useOfJavaScriptExecutorUtilDrawBorder" classname="PracticeScenario.TestDemo">
    <skipped/>
  </testcase> <!-- useOfJavaScriptExecutorUtilDrawBorder -->
  <system-out/>
  <testcase name="useOfJavaScriptExecutorUtilDrawBorder" classname="PracticeScenario.TestDemo">
    <skipped/>
  </testcase> <!-- useOfJavaScriptExecutorUtilDrawBorder -->
  <system-out/>
  <testcase name="identifyLogoField" classname="PracticeScenario.TestDemo">
    <skipped/>
  </testcase> <!-- identifyLogoField -->
  <system-out/>
  <testcase name="identifyLogoField" classname="PracticeScenario.TestDemo">
    <skipped/>
  </testcase> <!-- identifyLogoField -->
  <system-out/>
  <testcase name="checkBoxScenarioQuestion" classname="PracticeScenario.TestDemo">
    <skipped/>
  </testcase> <!-- checkBoxScenarioQuestion -->
  <system-out/>
  <testcase name="checkBoxScenarioQuestion" classname="PracticeScenario.TestDemo">
    <skipped/>
  </testcase> <!-- checkBoxScenarioQuestion -->
  <system-out/>
  <testcase name="dragAndDropByPawanSir" classname="PracticeScenario.TestDemo">
    <skipped/>
  </testcase> <!-- dragAndDropByPawanSir -->
  <system-out/>
  <testcase name="calenderTableHandlingByPawanSir" classname="PracticeScenario.TestDemo">
    <skipped/>
  </testcase> <!-- calenderTableHandlingByPawanSir -->
  <system-out/>
  <testcase name="dragAndDropByPawanSir" classname="PracticeScenario.TestDemo">
    <skipped/>
  </testcase> <!-- dragAndDropByPawanSir -->
  <system-out/>
  <testcase name="calenderTableHandlingByPawanSir" classname="PracticeScenario.TestDemo">
    <skipped/>
  </testcase> <!-- calenderTableHandlingByPawanSir -->
  <system-out/>
  <testcase name="useOfJavaScriptErUtilDrawBorder" classname="PracticeScenario.TestDemo">
    <skipped/>
  </testcase> <!-- useOfJavaScriptErUtilDrawBorder -->
  <system-out/>
  <testcase name="useOfJavaScriptErUtilDrawBorder" classname="PracticeScenario.TestDemo">
    <skipped/>
  </testcase> <!-- useOfJavaScriptErUtilDrawBorder -->
  <system-out/>
  <testcase name="reusableLoginMethodUse" classname="PracticeScenario.TestDemo">
    <skipped/>
  </testcase> <!-- reusableLoginMethodUse -->
  <system-out/>
  <testcase name="reusableLoginMethodUse" classname="PracticeScenario.TestDemo">
    <skipped/>
  </testcase> <!-- reusableLoginMethodUse -->
  <system-out/>
  <testcase name="iframe" classname="PracticeScenario.TestDemo">
    <skipped/>
  </testcase> <!-- iframe -->
  <system-out/>
  <testcase name="iframe" classname="PracticeScenario.TestDemo">
    <skipped/>
  </testcase> <!-- iframe -->
  <system-out/>
  <testcase name="toolTipByPawanSir" classname="PracticeScenario.TestDemo">
    <skipped/>
  </testcase> <!-- toolTipByPawanSir -->
  <system-out/>
  <testcase name="toolTipByPawanSir" classname="PracticeScenario.TestDemo">
    <skipped/>
  </testcase> <!-- toolTipByPawanSir -->
  <system-out/>
  <testcase name="multiKeybrdAcon" classname="PracticeScenario.TestDemo">
    <skipped/>
  </testcase> <!-- multiKeybrdAcon -->
  <system-out/>
  <testcase name="multiKeybrdAcon" classname="PracticeScenario.TestDemo">
    <skipped/>
  </testcase> <!-- multiKeybrdAcon -->
  <system-out/>
  <testcase name="SoftAssertion" classname="PracticeScenario.TestDemo">
    <skipped/>
  </testcase> <!-- SoftAssertion -->
  <system-out/>
  <testcase name="SoftAssertion" classname="PracticeScenario.TestDemo">
    <skipped/>
  </testcase> <!-- SoftAssertion -->
  <system-out/>
  <testcase name="Assertion" classname="PracticeScenario.TestDemo">
    <skipped/>
  </testcase> <!-- Assertion -->
  <system-out/>
  <testcase name="Assertion" classname="PracticeScenario.TestDemo">
    <skipped/>
  </testcase> <!-- Assertion -->
  <system-out/>
  <testcase name="sliderByPawanSir" classname="PracticeScenario.TestDemo">
    <skipped/>
  </testcase> <!-- sliderByPawanSir -->
  <system-out/>
  <testcase name="sliderByPawanSir" classname="PracticeScenario.TestDemo">
    <skipped/>
  </testcase> <!-- sliderByPawanSir -->
  <system-out/>
  <testcase name="webTableHandlingByPawanSir" classname="PracticeScenario.TestDemo">
    <skipped/>
  </testcase> <!-- webTableHandlingByPawanSir -->
  <system-out/>
  <testcase name="webTableHandlingByPawanSir" classname="PracticeScenario.TestDemo">
    <skipped/>
  </testcase> <!-- webTableHandlingByPawanSir -->
  <system-out/>
  <testcase name="HardAssertUse" classname="PracticeScenario.TestDemo">
    <skipped/>
  </testcase> <!-- HardAssertUse -->
  <system-out/>
  <testcase name="HardAssertUse" classname="PracticeScenario.TestDemo">
    <skipped/>
  </testcase> <!-- HardAssertUse -->
  <system-out/>
  <testcase name="ScrollDownByJavaScriptExecutor" classname="PracticeScenario.TestDemo">
    <skipped/>
  </testcase> <!-- ScrollDownByJavaScriptExecutor -->
  <system-out/>
  <testcase name="ScrollDownByJavaScriptExecutor" classname="PracticeScenario.TestDemo">
    <skipped/>
  </testcase> <!-- ScrollDownByJavaScriptExecutor -->
  <system-out/>
  <testcase name="allConditionalMethod" classname="PracticeScenario.TestDemo">
    <skipped/>
  </testcase> <!-- allConditionalMethod -->
  <system-out/>
  <testcase name="allConditionalMethod" classname="PracticeScenario.TestDemo">
    <skipped/>
  </testcase> <!-- allConditionalMethod -->
  <system-out/>
  <testcase name="handleCheckboxByPawanSir" classname="PracticeScenario.TestDemo">
    <skipped/>
  </testcase> <!-- handleCheckboxByPawanSir -->
  <system-out/>
  <testcase name="handleCheckboxByPawanSir" classname="PracticeScenario.TestDemo">
    <skipped/>
  </testcase> <!-- handleCheckboxByPawanSir -->
  <system-out/>
  <testcase name="LinkTextandPartialLinkText" classname="PracticeScenario.TestDemo">
    <skipped/>
  </testcase> <!-- LinkTextandPartialLinkText -->
  <system-out/>
  <testcase name="allTheLinkOnWebApplication" classname="PracticeScenario.TestDemo">
    <skipped/>
  </testcase> <!-- allTheLinkOnWebApplication -->
  <system-out/>
  <testcase name="LinkTextandPartialLinkText" classname="PracticeScenario.TestDemo">
    <skipped/>
  </testcase> <!-- LinkTextandPartialLinkText -->
  <system-out/>
  <testcase name="allTheLinkOnWebApplication" classname="PracticeScenario.TestDemo">
    <skipped/>
  </testcase> <!-- allTheLinkOnWebApplication -->
  <system-out/>
  <testcase name="mouseHoverWithClickByPawanSir" classname="PracticeScenario.TestDemo">
    <skipped/>
  </testcase> <!-- mouseHoverWithClickByPawanSir -->
  <system-out/>
  <testcase name="mouseHoverWithClickByPawanSir" classname="PracticeScenario.TestDemo">
    <skipped/>
  </testcase> <!-- mouseHoverWithClickByPawanSir -->
  <system-out/>
  <testcase name="doubletClickByPawanSir" classname="PracticeScenario.TestDemo">
    <skipped/>
  </testcase> <!-- doubletClickByPawanSir -->
  <system-out/>
  <testcase name="doubletClickByPawanSir" classname="PracticeScenario.TestDemo">
    <skipped/>
  </testcase> <!-- doubletClickByPawanSir -->
  <system-out/>
  <testcase name="keyboardaction" classname="PracticeScenario.TestDemo">
    <skipped/>
  </testcase> <!-- keyboardaction -->
  <system-out/>
  <testcase name="keyboardaction" classname="PracticeScenario.TestDemo">
    <skipped/>
  </testcase> <!-- keyboardaction -->
  <system-out/>
  <testcase name="writingTheScriptInPOM" classname="PracticeScenario.TestDemo">
    <skipped/>
  </testcase> <!-- writingTheScriptInPOM -->
  <system-out/>
  <testcase name="writingTheScriptInPOM" classname="PracticeScenario.TestDemo">
    <skipped/>
  </testcase> <!-- writingTheScriptInPOM -->
  <system-out/>
  <testcase name="allNavigationCommand" classname="PracticeScenario.TestDemo">
    <skipped/>
  </testcase> <!-- allNavigationCommand -->
  <system-out/>
  <testcase name="allNavigationCommand" classname="PracticeScenario.TestDemo">
    <skipped/>
  </testcase> <!-- allNavigationCommand -->
  <system-out/>
  <testcase name="getTextIsNotWorking" classname="PracticeScenario.TestDemo">
    <skipped/>
  </testcase> <!-- getTextIsNotWorking -->
  <system-out/>
  <testcase name="getTextIsNotWorking" classname="PracticeScenario.TestDemo">
    <skipped/>
  </testcase> <!-- getTextIsNotWorking -->
  <system-out/>
  <testcase name="handlingAutoSuggetionPopups" classname="PracticeScenario.TestDemo">
    <skipped/>
  </testcase> <!-- handlingAutoSuggetionPopups -->
  <system-out/>
  <testcase name="handlingAutoSuggetionPopups" classname="PracticeScenario.TestDemo">
    <skipped/>
  </testcase> <!-- handlingAutoSuggetionPopups -->
  <system-out/>
  <testcase name="capturingScreenShotByPawanSir" classname="PracticeScenario.TestDemo">
    <skipped/>
  </testcase> <!-- capturingScreenShotByPawanSir -->
  <system-out/>
  <testcase name="capturingScreenShotByPawanSir" classname="PracticeScenario.TestDemo">
    <skipped/>
  </testcase> <!-- capturingScreenShotByPawanSir -->
  <system-out/>
  <testcase name="validateText" classname="PracticeScenario.TestDemo">
    <skipped/>
  </testcase> <!-- validateText -->
  <system-out/>
  <testcase name="validateText" classname="PracticeScenario.TestDemo">
    <skipped/>
  </testcase> <!-- validateText -->
  <system-out/>
</testsuite> <!-- PracticeScenario.TestDemo -->
