<?xml version="1.0" encoding="UTF-8"?>
<!-- Generated by org.testng.reporters.JUnitReportReporter -->
<testsuite skipped="1" hostname="Dell123" name="TestNGByShaileshSir.Acceleration" tests="2" failures="0" timestamp="2023-04-03T17:30:27 IST" time="30.539" errors="0">
  <testcase name="TC2" time="30.539" classname="TestNGByShaileshSir.Acceleration"/>
  <system-out/>
  <testcase name="Tc1" classname="TestNGByShaileshSir.Acceleration">
    <skipped/>
  </testcase> <!-- Tc1 -->
  <system-out/>
</testsuite> <!-- TestNGByShaileshSir.Acceleration -->
