<?xml version="1.0" encoding="UTF-8"?>
<!-- Generated by org.testng.reporters.JUnitReportReporter -->
<testsuite skipped="0" hostname="Dell123" name="PracticeScenario.WebTableAskedInInterview" tests="1" failures="0" timestamp="2023-08-04T11:10:33 IST" time="121.508" errors="0">
  <testcase name="table" time="121.508" classname="PracticeScenario.WebTableAskedInInterview"/>
  <system-out/>
</testsuite> <!-- PracticeScenario.WebTableAskedInInterview -->
