<?xml version="1.0" encoding="UTF-8"?>
<!-- Generated by org.testng.reporters.JUnitReportReporter -->
<testsuite skipped="0" hostname="Dell123" name="TestNGByShaileshSir.Example3" tests="3" failures="0" timestamp="2023-02-24T17:43:25 IST" time="6.041" errors="0">
  <testcase name="TestCase3" time="2.028" classname="TestNGByShaileshSir.Example3"/>
  <system-out/>
  <testcase name="TestCase2" time="2.006" classname="TestNGByShaileshSir.Example3"/>
  <system-out/>
  <testcase name="TestCase1" time="2.007" classname="TestNGByShaileshSir.Example3"/>
  <system-out/>
</testsuite> <!-- TestNGByShaileshSir.Example3 -->
