<?xml version="1.0" encoding="UTF-8"?>
<!-- Generated by org.testng.reporters.JUnitReportReporter -->
<testsuite skipped="0" hostname="Dell123" name="POM.GuruTest" tests="1" failures="0" timestamp="2023-04-29T15:20:48 IST" time="31.785" errors="0">
  <testcase name="guruLogin" time="31.785" classname="POM.GuruTest"/>
  <system-out/>
</testsuite> <!-- POM.GuruTest -->
