<?xml version="1.0" encoding="UTF-8"?>
<!-- Generated by org.testng.reporters.JUnitReportReporter -->
<testsuite skipped="0" hostname="Dell123" name="ParllelTestingByShaileshSir.ParllelTestingWithHelpOfXML" tests="2" failures="0" timestamp="2023-01-23T12:30:26 IST" time="87.731" errors="0">
  <testcase name="TestCase1" time="9.301" classname="ParllelTestingByShaileshSir.ParllelTestingWithHelpOfXML"/>
  <system-out/>
  <testcase name="TestCase2" time="78.430" classname="ParllelTestingByShaileshSir.ParllelTestingWithHelpOfXML"/>
  <system-out/>
</testsuite> <!-- ParllelTestingByShaileshSir.ParllelTestingWithHelpOfXML -->
